0 info it worked if it ends with ok
1 verbose cli [ '/usr/bin/node',
1 verbose cli   '/usr/bin/npm',
1 verbose cli   'install',
1 verbose cli   'jasmine-node',
1 verbose cli   '-g' ]
2 info using npm@1.4.28
3 info using node@v0.10.33
4 verbose node symlink /usr/bin/node
5 verbose cache add [ 'jasmine-node', null ]
6 verbose cache add name=undefined spec="jasmine-node" args=["jasmine-node",null]
7 verbose parsed url { protocol: null,
7 verbose parsed url   slashes: null,
7 verbose parsed url   auth: null,
7 verbose parsed url   host: null,
7 verbose parsed url   port: null,
7 verbose parsed url   hostname: null,
7 verbose parsed url   hash: null,
7 verbose parsed url   search: null,
7 verbose parsed url   query: null,
7 verbose parsed url   pathname: 'jasmine-node',
7 verbose parsed url   path: 'jasmine-node',
7 verbose parsed url   href: 'jasmine-node' }
8 silly lockFile bba04ce4-jasmine-node jasmine-node
9 verbose lock jasmine-node /home/stephen/.npm/bba04ce4-jasmine-node.lock
10 silly lockFile bba04ce4-jasmine-node jasmine-node
11 silly lockFile bba04ce4-jasmine-node jasmine-node
12 verbose addNamed [ 'jasmine-node', '' ]
13 verbose addNamed [ null, '*' ]
14 silly lockFile b74de4f8-jasmine-node jasmine-node@
15 verbose lock jasmine-node@ /home/stephen/.npm/b74de4f8-jasmine-node.lock
16 silly addNameRange { name: 'jasmine-node', range: '*', hasData: false }
17 verbose request where is /jasmine-node
18 verbose request registry https://registry.npmjs.org/
19 verbose request id df296cfe9d9adfdc
20 verbose url raw /jasmine-node
21 verbose url resolving [ 'https://registry.npmjs.org/', './jasmine-node' ]
22 verbose url resolved https://registry.npmjs.org/jasmine-node
23 verbose request where is https://registry.npmjs.org/jasmine-node
24 info trying registry request attempt 1 at 19:48:39
25 http GET https://registry.npmjs.org/jasmine-node
26 http 200 https://registry.npmjs.org/jasmine-node
27 silly registry.get cb [ 200,
27 silly registry.get   { date: 'Fri, 30 Jan 2015 00:48:43 GMT',
27 silly registry.get     server: 'CouchDB/1.6.1 (Erlang OTP/R14B04)',
27 silly registry.get     etag: '"2LNKGYSQHNE3DXOPEFQFCUDGR"',
27 silly registry.get     'content-type': 'application/json',
27 silly registry.get     'cache-control': 'max-age=60',
27 silly registry.get     'content-length': '96088',
27 silly registry.get     'accept-ranges': 'bytes',
27 silly registry.get     via: '1.1 varnish',
27 silly registry.get     age: '13',
27 silly registry.get     'x-served-by': 'cache-iad2136-IAD',
27 silly registry.get     'x-cache': 'HIT',
27 silly registry.get     'x-cache-hits': '1',
27 silly registry.get     'x-timer': 'S1422578923.864704,VS0,VE0',
27 silly registry.get     vary: 'Accept',
27 silly registry.get     'keep-alive': 'timeout=10, max=50',
27 silly registry.get     connection: 'Keep-Alive' } ]
28 silly addNameRange number 2 { name: 'jasmine-node', range: '*', hasData: true }
29 silly addNameRange versions [ 'jasmine-node',
29 silly addNameRange   [ '1.0.1',
29 silly addNameRange     '1.0.2',
29 silly addNameRange     '1.0.3',
29 silly addNameRange     '1.0.4',
29 silly addNameRange     '1.0.5',
29 silly addNameRange     '1.0.6',
29 silly addNameRange     '1.0.7',
29 silly addNameRange     '1.0.8',
29 silly addNameRange     '1.0.9',
29 silly addNameRange     '1.0.10',
29 silly addNameRange     '1.0.11',
29 silly addNameRange     '1.0.12',
29 silly addNameRange     '1.0.13',
29 silly addNameRange     '1.0.15',
29 silly addNameRange     '1.0.16',
29 silly addNameRange     '1.0.17',
29 silly addNameRange     '1.0.18',
29 silly addNameRange     '1.0.19',
29 silly addNameRange     '1.0.20',
29 silly addNameRange     '1.0.21',
29 silly addNameRange     '1.0.22',
29 silly addNameRange     '1.0.23',
29 silly addNameRange     '1.0.24',
29 silly addNameRange     '1.0.25',
29 silly addNameRange     '1.0.26',
29 silly addNameRange     '1.0.27',
29 silly addNameRange     '1.0.28',
29 silly addNameRange     '1.1.0',
29 silly addNameRange     '1.2.0',
29 silly addNameRange     '1.2.1',
29 silly addNameRange     '1.2.2',
29 silly addNameRange     '1.2.3',
29 silly addNameRange     '1.3.0',
29 silly addNameRange     '1.3.1',
29 silly addNameRange     '1.4.0',
29 silly addNameRange     '1.5.0',
29 silly addNameRange     '1.6.0',
29 silly addNameRange     '1.7.0',
29 silly addNameRange     '1.7.1',
29 silly addNameRange     '1.8.0',
29 silly addNameRange     '1.8.1',
29 silly addNameRange     '1.9.0',
29 silly addNameRange     '1.9.1',
29 silly addNameRange     '1.10.0',
29 silly addNameRange     '1.10.1',
29 silly addNameRange     '1.10.2',
29 silly addNameRange     '1.11.0',
29 silly addNameRange     '1.12.0',
29 silly addNameRange     '1.12.1',
29 silly addNameRange     '1.13.0',
29 silly addNameRange     '1.13.1',
29 silly addNameRange     '1.14.0',
29 silly addNameRange     '1.14.1',
29 silly addNameRange     '2.0.0',
29 silly addNameRange     '1.14.2',
29 silly addNameRange     '2.0.0-beta1',
29 silly addNameRange     '2.0.0-beta2',
29 silly addNameRange     '2.0.0-beta3',
29 silly addNameRange     '1.14.3',
29 silly addNameRange     '2.0.0-beta4',
29 silly addNameRange     '1.14.4',
29 silly addNameRange     '1.14.5',
29 silly addNameRange     '1.0.0-rc1',
29 silly addNameRange     '1.0.0-rc2',
29 silly addNameRange     '1.0.0-rc3' ] ]
30 verbose addNamed [ 'jasmine-node', '1.14.5' ]
31 verbose addNamed [ '1.14.5', '1.14.5' ]
32 silly lockFile 3c9ba918-jasmine-node-1-14-5 jasmine-node@1.14.5
33 verbose lock jasmine-node@1.14.5 /home/stephen/.npm/3c9ba918-jasmine-node-1-14-5.lock
34 silly lockFile d0ec6374-ine-node-jasmine-node-1-14-5-tgz https://registry.npmjs.org/jasmine-node/-/jasmine-node-1.14.5.tgz
35 verbose lock https://registry.npmjs.org/jasmine-node/-/jasmine-node-1.14.5.tgz /home/stephen/.npm/d0ec6374-ine-node-jasmine-node-1-14-5-tgz.lock
36 verbose addRemoteTarball [ 'https://registry.npmjs.org/jasmine-node/-/jasmine-node-1.14.5.tgz',
36 verbose addRemoteTarball   '18e8397b856924ee77003666c3731b5aea50c39d' ]
37 info retry fetch attempt 1 at 19:48:49
38 verbose fetch to= /tmp/user/1000/npm-8148-RMOimlT5/registry.npmjs.org/jasmine-node/-/jasmine-node-1.14.5.tgz
39 http GET https://registry.npmjs.org/jasmine-node/-/jasmine-node-1.14.5.tgz
40 http 200 https://registry.npmjs.org/jasmine-node/-/jasmine-node-1.14.5.tgz
41 silly lockFile d0ec6374-ine-node-jasmine-node-1-14-5-tgz https://registry.npmjs.org/jasmine-node/-/jasmine-node-1.14.5.tgz
42 silly lockFile d0ec6374-ine-node-jasmine-node-1-14-5-tgz https://registry.npmjs.org/jasmine-node/-/jasmine-node-1.14.5.tgz
43 silly lockFile 3c9ba918-jasmine-node-1-14-5 jasmine-node@1.14.5
44 silly lockFile 3c9ba918-jasmine-node-1-14-5 jasmine-node@1.14.5
45 silly lockFile b74de4f8-jasmine-node jasmine-node@
46 silly lockFile b74de4f8-jasmine-node jasmine-node@
47 silly resolved [ { name: 'jasmine-node',
47 silly resolved     version: '1.14.5',
47 silly resolved     description: 'DOM-less simple JavaScript BDD testing framework for Node',
47 silly resolved     contributors: [ [Object] ],
47 silly resolved     homepage: 'https://github.com/mhevery/jasmine-node',
47 silly resolved     repository:
47 silly resolved      { type: 'git',
47 silly resolved        url: 'https://github.com/mhevery/jasmine-node.git' },
47 silly resolved     keywords: [ 'testing', 'bdd' ],
47 silly resolved     author: { name: 'Misko Hevery', email: 'misko@hevery.com' },
47 silly resolved     maintainers: [ [Object], [Object] ],
47 silly resolved     licenses: [ 'MIT' ],
47 silly resolved     dependencies:
47 silly resolved      { 'coffee-script': '>=1.0.1',
47 silly resolved        'jasmine-reporters': '~1.0.0',
47 silly resolved        'jasmine-growl-reporter': '~0.0.2',
47 silly resolved        requirejs: '>=0.27.1',
47 silly resolved        walkdir: '>= 0.0.1',
47 silly resolved        underscore: '>= 1.3.1',
47 silly resolved        gaze: '~0.3.2',
47 silly resolved        mkdirp: '~0.3.5' },
47 silly resolved     bin: { 'jasmine-node': 'bin/jasmine-node' },
47 silly resolved     preferGlobal: true,
47 silly resolved     main: 'lib/jasmine-node',
47 silly resolved     scripts: { test: 'node lib/jasmine-node/cli.js spec' },
47 silly resolved     devDependencies: {},
47 silly resolved     bugs: { url: 'https://github.com/mhevery/jasmine-node/issues' },
47 silly resolved     _id: 'jasmine-node@1.14.5',
47 silly resolved     _shasum: '18e8397b856924ee77003666c3731b5aea50c39d',
47 silly resolved     _from: 'jasmine-node@',
47 silly resolved     _npmVersion: '1.4.9',
47 silly resolved     _npmUser: { name: 'tebriel', email: 'tebriel@gmail.com' },
47 silly resolved     dist:
47 silly resolved      { shasum: '18e8397b856924ee77003666c3731b5aea50c39d',
47 silly resolved        tarball: 'http://registry.npmjs.org/jasmine-node/-/jasmine-node-1.14.5.tgz' },
47 silly resolved     directories: {},
47 silly resolved     _resolved: 'https://registry.npmjs.org/jasmine-node/-/jasmine-node-1.14.5.tgz' } ]
48 info install jasmine-node@1.14.5 into /usr/lib
49 info installOne jasmine-node@1.14.5
50 verbose lib/node_modules/jasmine-node unbuild
51 verbose tar unpack /home/stephen/.npm/jasmine-node/1.14.5/package.tgz
52 silly lockFile e73c4fe1-sr-lib-node-modules-jasmine-node tar:///usr/lib/node_modules/jasmine-node
53 verbose lock tar:///usr/lib/node_modules/jasmine-node /home/stephen/.npm/e73c4fe1-sr-lib-node-modules-jasmine-node.lock
54 silly lockFile c13f955b--jasmine-node-1-14-5-package-tgz tar:///home/stephen/.npm/jasmine-node/1.14.5/package.tgz
55 verbose lock tar:///home/stephen/.npm/jasmine-node/1.14.5/package.tgz /home/stephen/.npm/c13f955b--jasmine-node-1-14-5-package-tgz.lock
56 silly gunzTarPerm modes [ '775', '664' ]
57 error Error: EACCES, mkdir '/usr/lib/node_modules/jasmine-node'
57 error  { [Error: EACCES, mkdir '/usr/lib/node_modules/jasmine-node']
57 error   errno: 3,
57 error   code: 'EACCES',
57 error   path: '/usr/lib/node_modules/jasmine-node',
57 error   fstream_type: 'Directory',
57 error   fstream_path: '/usr/lib/node_modules/jasmine-node',
57 error   fstream_class: 'DirWriter',
57 error   fstream_stack:
57 error    [ '/usr/lib/node_modules/npm/node_modules/fstream/lib/dir-writer.js:36:23',
57 error      '/usr/lib/node_modules/npm/node_modules/mkdirp/index.js:46:53',
57 error      'Object.oncomplete (fs.js:107:15)' ] }
58 error Please try running this command again as root/Administrator.
59 error System Linux 3.8.11
60 error command "/usr/bin/node" "/usr/bin/npm" "install" "jasmine-node" "-g"
61 error cwd /home/stephen/workspace/katas/exercism/javascript
62 error node -v v0.10.33
63 error npm -v 1.4.28
64 error path /usr/lib/node_modules/jasmine-node
65 error fstream_path /usr/lib/node_modules/jasmine-node
66 error fstream_type Directory
67 error fstream_class DirWriter
68 error code EACCES
69 error errno 3
70 error stack Error: EACCES, mkdir '/usr/lib/node_modules/jasmine-node'
71 error fstream_stack /usr/lib/node_modules/npm/node_modules/fstream/lib/dir-writer.js:36:23
71 error fstream_stack /usr/lib/node_modules/npm/node_modules/mkdirp/index.js:46:53
71 error fstream_stack Object.oncomplete (fs.js:107:15)
72 verbose exit [ 3, true ]
